<?xml version="1.0" encoding="UTF-8"?>
<testng-results ignored="0" total="1" passed="1" failed="0" skipped="0">
  <reporter-output>
  </reporter-output>
  <suite started-at="2020-03-06T13:05:36 PST" name="Default suite" finished-at="2020-03-06T13:05:45 PST" duration-ms="9470">
    <groups>
    </groups>
    <test started-at="2020-03-06T13:05:36 PST" name="Default test" finished-at="2020-03-06T13:05:45 PST" duration-ms="9470">
      <class name="clearTrip.homePageTest">
        <test-method signature="searchFlight()[pri:0, instance:clearTrip.homePageTest@1198b989]" started-at="2020-03-06T13:05:36 PST" name="searchFlight" finished-at="2020-03-06T13:05:45 PST" duration-ms="9446" status="PASS">
          <reporter-output>
          </reporter-output>
        </test-method> <!-- searchFlight -->
      </class> <!-- clearTrip.homePageTest -->
    </test> <!-- Default test -->
  </suite> <!-- Default suite -->
</testng-results>
