<?xml version="1.0" encoding="UTF-8"?>
<!-- Generated by org.testng.reporters.JUnitXMLReporter -->
<testsuite ignored="1" hostname="LAPTOP-J8PB4LQ3" failures="2" tests="2" name="Test" time="0.051" errors="0" timestamp="2020-02-07T04:55:54 PST">
  <testcase classname="SeleniumSessions.TestNGOne" name="TC003" time="0.009">
    <failure type="java.lang.NullPointerException">
      <![CDATA[java.lang.NullPointerException
at SeleniumSessions.TestNGOne.TC003(TestNGOne.java:41)
at java.base/java.util.concurrent.ThreadPoolExecutor.runWorker(ThreadPoolExecutor.java:1128)
at java.base/java.util.concurrent.ThreadPoolExecutor$Worker.run(ThreadPoolExecutor.java:628)
at java.base/java.lang.Thread.run(Thread.java:830)
... Removed 12 stack frames]]>
    </failure>
  </testcase> <!-- TC003 -->
  <testcase classname="SeleniumSessions.TestNGOne" name="TC001" time="0.009">
    <failure type="java.lang.NullPointerException">
      <![CDATA[java.lang.NullPointerException
at SeleniumSessions.TestNGOne.TC001(TestNGOne.java:25)
at java.base/java.util.concurrent.ThreadPoolExecutor.runWorker(ThreadPoolExecutor.java:1128)
at java.base/java.util.concurrent.ThreadPoolExecutor$Worker.run(ThreadPoolExecutor.java:628)
at java.base/java.lang.Thread.run(Thread.java:830)
... Removed 12 stack frames]]>
    </failure>
  </testcase> <!-- TC001 -->
  <testcase classname="SeleniumSessions.TestNGOne" name="TC002" time="0.0">
    <ignored/>
  </testcase> <!-- TC002 -->
</testsuite> <!-- Test -->
